[13:24:08] [main/INFO]: Setting user: Player18
[13:24:11] [main/WARN]: Skipping bad option: lastServer:
[13:24:11] [main/INFO]: LWJGL Version: 2.9.4
[13:24:14] [main/INFO]: Reloading ResourceManager: Default, FMLFileResourcePack:Forge Mod Loader, FMLFileResourcePack:Minecraft Forge, FMLFileResourcePack:Virgin Modding Environment
[13:24:16] [Sound Library Loader/INFO]: Starting up SoundSystem...
[13:24:16] [Thread-5/INFO]: Initializing LWJGL OpenAL
[13:24:16] [Thread-5/INFO]: (The LWJGL binding of OpenAL.  For more information, see http://www.lwjgl.org)
[13:24:16] [Thread-5/INFO]: OpenAL initialized.
[13:24:17] [Sound Library Loader/INFO]: Sound engine started
[13:24:19] [main/WARN]: Texture vme:textures/custom/coal_bed.png with size 24x24 will have visual artifacts at mip level 4, it can only support level 3. Please report to the mod author that the texture should be some multiple of 16x16.
[13:24:20] [main/INFO]: Created: 512x512 textures-atlas
[13:24:22] [main/WARN]: Skipping bad option: lastServer:
[13:24:22] [main/INFO]: Narrator library for x64 successfully loaded
[13:24:23] [Realms Notification Availability checker #1/INFO]: Could not authorize you against Realms server: Invalid session id
[13:24:26] [Server thread/INFO]: Starting integrated minecraft server version 1.12.1
[13:24:26] [Server thread/INFO]: Generating keypair
[13:24:26] [Server thread/INFO]: Loaded 488 advancements
[13:24:26] [Server thread/INFO]: Preparing start region for level 0
[13:24:27] [Server thread/INFO]: Preparing spawn area: 73%
[13:24:28] [Server thread/INFO]: Changing view distance to 12, from 10
[13:24:29] [Server thread/INFO]: Player18[local:E:a0740b3d] logged in with entity id 1 at (-255.40103226176518, 83.0, 364.8298005627652)
[13:24:29] [Server thread/INFO]: Player18 joined the game
[13:24:30] [Server thread/INFO]: Saving and pausing game...
[13:24:30] [Server thread/INFO]: Saving chunks for level 'New World'/overworld
[13:24:30] [Server thread/INFO]: Saving chunks for level 'New World'/the_nether
[13:24:30] [Server thread/INFO]: Saving chunks for level 'New World'/the_end
[13:24:30] [main/INFO]: Loaded 2 advancements
[13:24:30] [pool-2-thread-1/WARN]: Couldn't look up profile properties for com.mojang.authlib.GameProfile@7a84aaa8[id=02006724-8599-3350-ba13-0c0625a51a5e,name=Player18,properties={},legacy=false]
com.mojang.authlib.exceptions.AuthenticationException: The client has sent too many requests within a certain amount of time
	at com.mojang.authlib.yggdrasil.YggdrasilAuthenticationService.makeRequest(YggdrasilAuthenticationService.java:79) ~[YggdrasilAuthenticationService.class:?]
	at com.mojang.authlib.yggdrasil.YggdrasilMinecraftSessionService.fillGameProfile(YggdrasilMinecraftSessionService.java:180) [YggdrasilMinecraftSessionService.class:?]
	at com.mojang.authlib.yggdrasil.YggdrasilMinecraftSessionService$1.load(YggdrasilMinecraftSessionService.java:60) [YggdrasilMinecraftSessionService$1.class:?]
	at com.mojang.authlib.yggdrasil.YggdrasilMinecraftSessionService$1.load(YggdrasilMinecraftSessionService.java:57) [YggdrasilMinecraftSessionService$1.class:?]
	at com.google.common.cache.LocalCache$LoadingValueReference.loadFuture(LocalCache.java:3716) [guava-21.0.jar:?]
	at com.google.common.cache.LocalCache$Segment.loadSync(LocalCache.java:2424) [guava-21.0.jar:?]
	at com.google.common.cache.LocalCache$Segment.lockedGetOrLoad(LocalCache.java:2298) [guava-21.0.jar:?]
	at com.google.common.cache.LocalCache$Segment.get(LocalCache.java:2211) [guava-21.0.jar:?]
	at com.google.common.cache.LocalCache.get(LocalCache.java:4154) [guava-21.0.jar:?]
	at com.google.common.cache.LocalCache.getOrLoad(LocalCache.java:4158) [guava-21.0.jar:?]
	at com.google.common.cache.LocalCache$LocalLoadingCache.get(LocalCache.java:5147) [guava-21.0.jar:?]
	at com.google.common.cache.LocalCache$LocalLoadingCache.getUnchecked(LocalCache.java:5153) [guava-21.0.jar:?]
	at com.mojang.authlib.yggdrasil.YggdrasilMinecraftSessionService.fillProfileProperties(YggdrasilMinecraftSessionService.java:170) [YggdrasilMinecraftSessionService.class:?]
	at net.minecraft.client.Minecraft.getProfileProperties(Minecraft.java:3172) [Minecraft.class:?]
	at net.minecraft.client.resources.SkinManager$3.run(SkinManager.java:138) [SkinManager$3.class:?]
	at java.util.concurrent.Executors$RunnableAdapter.call(Unknown Source) [?:1.8.0_144]
	at java.util.concurrent.FutureTask.run(Unknown Source) [?:1.8.0_144]
	at java.util.concurrent.ThreadPoolExecutor.runWorker(Unknown Source) [?:1.8.0_144]
	at java.util.concurrent.ThreadPoolExecutor$Worker.run(Unknown Source) [?:1.8.0_144]
	at java.lang.Thread.run(Unknown Source) [?:1.8.0_144]
[13:26:11] [Server thread/INFO]: Saving and pausing game...
[13:26:11] [Server thread/INFO]: Saving chunks for level 'New World'/overworld
[13:26:12] [Server thread/INFO]: Saving chunks for level 'New World'/the_nether
[13:26:12] [Server thread/INFO]: Saving chunks for level 'New World'/the_end
[13:26:13] [Server thread/INFO]: Stopping server
[13:26:13] [Server thread/INFO]: Saving players
[13:26:13] [Server thread/INFO]: Player18 lost connection: Disconnected
[13:26:13] [Server thread/INFO]: Player18 left the game
[13:26:13] [Server thread/INFO]: Stopping singleplayer server as player logged out
[13:26:13] [Server thread/INFO]: Saving worlds
[13:26:13] [Server thread/INFO]: Saving chunks for level 'New World'/overworld
[13:26:13] [Server thread/INFO]: Saving chunks for level 'New World'/the_nether
[13:26:13] [Server thread/INFO]: Saving chunks for level 'New World'/the_end
